17:23:57 **** Build of configuration Debug for project periph_i2c ****
make -r all 
Building file: ../example/src/i2c.c
Invoking: MCU C Compiler
arm-none-eabi-gcc -D__REDLIB__ -DDEBUG -D__CODE_RED -D__USE_LPCOPEN -DCORE_M3 -I"C:\Users\Joey\Documents\LPCXpresso_8.2.2_650\MATE_Workspace\LPC1769\lpc_chip_175x_6x\inc" -I"C:\Users\Joey\Documents\LPCXpresso_8.2.2_650\MATE_Workspace\LPC1769\lpc_board_nxp_lpcxpresso_1769\inc" -O0 -g3 -Wall -c -fmessage-length=0 -fno-builtin -ffunction-sections -fdata-sections -mcpu=cortex-m3 -mthumb -specs=redlib.specs -MMD -MP -MF"example/src/i2c.d" -MT"example/src/i2c.o" -MT"example/src/i2c.d" -o "example/src/i2c.o" "../example/src/i2c.c"
../example/src/i2c.c: In function 'i2c_eeprom_events':
../example/src/i2c.c:259:2: warning: enumeration value 'I2C_EVENT_WAIT' not handled in switch [-Wswitch]
  switch(event) {
  ^
../example/src/i2c.c:259:2: warning: enumeration value 'I2C_EVENT_LOCK' not handled in switch [-Wswitch]
../example/src/i2c.c:259:2: warning: enumeration value 'I2C_EVENT_UNLOCK' not handled in switch [-Wswitch]
../example/src/i2c.c: In function 'i2c_iox_update_regs':
../example/src/i2c.c:312:27: warning: implicit declaration of function 'Buttons_GetStatus' [-Wimplicit-function-declaration]
   iox_data[0] = (uint8_t) Buttons_GetStatus();
                           ^
../example/src/i2c.c: In function 'i2c_iox_events':
../example/src/i2c.c:335:23: warning: cast to pointer from integer of different size [-Wint-to-pointer-cast]
     iox_xfer.txBuff = (const uint8_t *)iox_data[0];
                       ^
../example/src/i2c.c:319:2: warning: enumeration value 'I2C_EVENT_WAIT' not handled in switch [-Wswitch]
  switch(event) {
  ^
../example/src/i2c.c:319:2: warning: enumeration value 'I2C_EVENT_LOCK' not handled in switch [-Wswitch]
../example/src/i2c.c:319:2: warning: enumeration value 'I2C_EVENT_UNLOCK' not handled in switch [-Wswitch]
../example/src/i2c.c: In function 'i2c_iox_init':
../example/src/i2c.c:345:2: warning: implicit declaration of function 'Board_Buttons_Init' [-Wimplicit-function-declaration]
  Board_Buttons_Init();
  ^
Finished building: ../example/src/i2c.c
 
Building file: ../example/src/sysinit.c
Invoking: MCU C Compiler
arm-none-eabi-gcc -D__REDLIB__ -DDEBUG -D__CODE_RED -D__USE_LPCOPEN -DCORE_M3 -I"C:\Users\Joey\Documents\LPCXpresso_8.2.2_650\MATE_Workspace\LPC1769\lpc_chip_175x_6x\inc" -I"C:\Users\Joey\Documents\LPCXpresso_8.2.2_650\MATE_Workspace\LPC1769\lpc_board_nxp_lpcxpresso_1769\inc" -O0 -g3 -Wall -c -fmessage-length=0 -fno-builtin -ffunction-sections -fdata-sections -mcpu=cortex-m3 -mthumb -specs=redlib.specs -MMD -MP -MF"example/src/sysinit.d" -MT"example/src/sysinit.o" -MT"example/src/sysinit.d" -o "example/src/sysinit.o" "../example/src/sysinit.c"
Finished building: ../example/src/sysinit.c
 
Building target: periph_i2c.axf
Invoking: MCU Linker
arm-none-eabi-gcc -nostdlib -L"C:\Users\Joey\Documents\LPCXpresso_8.2.2_650\MATE_Workspace\LPC1769\lpc_chip_175x_6x\Debug" -L"C:\Users\Joey\Documents\LPCXpresso_8.2.2_650\MATE_Workspace\LPC1769\lpc_board_nxp_lpcxpresso_1769\Debug" -Xlinker -Map="periph_i2c.map" -Xlinker --gc-sections -mcpu=cortex-m3 -mthumb -T "periph_i2c_Debug.ld" -o "periph_i2c.axf"  ./example/src/cr_startup_lpc175x_6x.o ./example/src/i2c.o ./example/src/sysinit.o   -llpc_board_nxp_lpcxpresso_1769 -llpc_chip_175x_6x
./example/src/i2c.o: In function `i2c_iox_update_regs':
C:\Users\Joey\Documents\LPCXpresso_8.2.2_650\MATE_Workspace\LPC1769\periph_i2c\Debug/../example/src/i2c.c:312: undefined reference to `Buttons_GetStatus'
./example/src/i2c.o: In function `i2c_iox_init':
C:\Users\Joey\Documents\LPCXpresso_8.2.2_650\MATE_Workspace\LPC1769\periph_i2c\Debug/../example/src/i2c.c:345: undefined reference to `Board_Buttons_Init'
collect2.exe: error: ld returned 1 exit status
make: *** [periph_i2c.axf] Error 1

17:23:59 Build Finished (took 1s.816ms)

